0 info it worked if it ends with ok
1 verbose cli [ 'C:\\Program Files (x86)\\nodejs\\node.exe',
1 verbose cli   'C:\\Program Files (x86)\\nodejs\\node_modules\\npm\\bin\\npm-cli.js',
1 verbose cli   'run',
1 verbose cli   'test' ]
2 info using npm@3.10.10
3 info using node@v6.9.4
4 verbose run-script [ 'pretest', 'test', 'posttest' ]
5 info lifecycle rankservice@0.0.1~pretest: rankservice@0.0.1
6 silly lifecycle rankservice@0.0.1~pretest: no script for pretest, continuing
7 info lifecycle rankservice@0.0.1~test: rankservice@0.0.1
8 verbose lifecycle rankservice@0.0.1~test: unsafe-perm in lifecycle true
9 verbose lifecycle rankservice@0.0.1~test: PATH: C:\Program Files (x86)\nodejs\node_modules\npm\bin\node-gyp-bin;d:\ranks\node_modules\.bin;C:\Users\Grishin\AppData\Roaming\npm;C:\Program Files (x86)\nodejs\;C:\WINDOWS\system32;C:\WINDOWS;C:\WINDOWS\System32\Wbem;C:\WINDOWS\System32\WindowsPowerShell\v1.0\;C:\Program Files\Microsoft SQL Server\110\Tools\Binn\;C:\Program Files\Microsoft SQL Server\120\Tools\Binn\;C:\Program Files\Microsoft DNX\Dnvm\;C:\Program Files (x86)\Windows Kits\10\Windows Performance Toolkit\;C:\Program Files (x86)\Microsoft Emulator Manager\1.0\;C:\Program Files\Microsoft\Web Platform Installer\;C:\Program Files\Git\cmd;C:\Program Files (x86)\nodejs\;C:\Program Files\TortoiseGit\bin;C:\Users\Grishin\AppData\Local\Microsoft\WindowsApps;;C:\Program Files (x86)\Microsoft VS Code\bin;C:\Users\Grishin\AppData\Roaming\npm
10 verbose lifecycle rankservice@0.0.1~test: CWD: d:\ranks
11 silly lifecycle rankservice@0.0.1~test: Args: [ '/d /s /c', 'mocha tests\\*.js' ]
12 silly lifecycle rankservice@0.0.1~test: Returned: code: 1  signal: null
13 info lifecycle rankservice@0.0.1~test: Failed to exec test script
14 verbose stack Error: rankservice@0.0.1 test: `mocha tests\*.js`
14 verbose stack Exit status 1
14 verbose stack     at EventEmitter.<anonymous> (C:\Program Files (x86)\nodejs\node_modules\npm\lib\utils\lifecycle.js:255:16)
14 verbose stack     at emitTwo (events.js:106:13)
14 verbose stack     at EventEmitter.emit (events.js:191:7)
14 verbose stack     at ChildProcess.<anonymous> (C:\Program Files (x86)\nodejs\node_modules\npm\lib\utils\spawn.js:40:14)
14 verbose stack     at emitTwo (events.js:106:13)
14 verbose stack     at ChildProcess.emit (events.js:191:7)
14 verbose stack     at maybeClose (internal/child_process.js:877:16)
14 verbose stack     at Process.ChildProcess._handle.onexit (internal/child_process.js:226:5)
15 verbose pkgid rankservice@0.0.1
16 verbose cwd d:\ranks
17 error Windows_NT 10.0.14393
18 error argv "C:\\Program Files (x86)\\nodejs\\node.exe" "C:\\Program Files (x86)\\nodejs\\node_modules\\npm\\bin\\npm-cli.js" "run" "test"
19 error node v6.9.4
20 error npm  v3.10.10
21 error code ELIFECYCLE
22 error rankservice@0.0.1 test: `mocha tests\*.js`
22 error Exit status 1
23 error Failed at the rankservice@0.0.1 test script 'mocha tests\*.js'.
23 error Make sure you have the latest version of node.js and npm installed.
23 error If you do, this is most likely a problem with the rankservice package,
23 error not with npm itself.
23 error Tell the author that this fails on your system:
23 error     mocha tests\*.js
23 error You can get information on how to open an issue for this project with:
23 error     npm bugs rankservice
23 error Or if that isn't available, you can get their info via:
23 error     npm owner ls rankservice
23 error There is likely additional logging output above.
24 verbose exit [ 1, true ]
